app/build/intermediates/manifest_merge_blame_file/debug/manifest-merger-blame-debug-report.txt
1<?xml version="1.0" encoding="utf-8"?>
2<manifest xmlns:android="http://schemas.android.com/apk/res/android"
3    package="com.example.instagramclone"
4    android:versionCode="1"
5    android:versionName="1.0" >
6
7    <uses-sdk
8        android:minSdkVersion="15"
8-->src\main\AndroidManifest.xml
9        android:targetSdkVersion="29" />
9-->src\main\AndroidManifest.xml
10
11    <uses-permission android:name="android.permission.INTERNET" />
11-->src\main\AndroidManifest.xml:5:5-67
11-->src\main\AndroidManifest.xml:5:22-64
12    <uses-permission android:name="android.permission.ACCESS_NETWORK_STATE" />
12-->src\main\AndroidManifest.xml:6:5-79
12-->src\main\AndroidManifest.xml:6:22-76
13
14    <application
14-->src\main\AndroidManifest.xml:8:5-37:19
15        android:name="com.example.instagramclone.App"
15-->src\main\AndroidManifest.xml:9:9-28
16        android:allowBackup="true"
16-->src\main\AndroidManifest.xml:10:9-35
17        android:appComponentFactory="androidx.core.app.CoreComponentFactory"
17-->[androidx.core:core:1.1.0] AndroidManifest.xml:24:18-86
18        android:debuggable="true"
19        android:icon="@drawable/icon"
19-->src\main\AndroidManifest.xml:11:9-38
20        android:label="@string/app_name"
20-->src\main\AndroidManifest.xml:12:9-41
21        android:roundIcon="@mipmap/ic_launcher_round"
21-->src\main\AndroidManifest.xml:13:9-54
22        android:supportsRtl="true"
22-->src\main\AndroidManifest.xml:14:9-35
23        android:testOnly="true"
24        android:theme="@style/AppTheme" >
24-->src\main\AndroidManifest.xml:15:9-40
25        <activity android:name="com.example.instagramclone.Updateprofile" />
25-->src\main\AndroidManifest.xml:16:9-60
25-->src\main\AndroidManifest.xml:16:19-48
26        <activity android:name="com.example.instagramclone.SocialmediaActivity" />
26-->src\main\AndroidManifest.xml:17:9-57
26-->src\main\AndroidManifest.xml:17:19-54
27        <activity android:name="com.example.instagramclone.Singup_Activity" />
27-->src\main\AndroidManifest.xml:18:9-53
27-->src\main\AndroidManifest.xml:18:19-50
28        <activity android:name="com.example.instagramclone.Singin_Activity" />
28-->src\main\AndroidManifest.xml:19:9-53
28-->src\main\AndroidManifest.xml:19:19-50
29        <activity android:name="com.example.instagramclone.MainActivity" >
29-->src\main\AndroidManifest.xml:20:9-26:20
29-->src\main\AndroidManifest.xml:20:19-47
30            <intent-filter>
30-->src\main\AndroidManifest.xml:21:13-25:29
31                <action android:name="android.intent.action.MAIN" />
31-->src\main\AndroidManifest.xml:22:17-69
31-->src\main\AndroidManifest.xml:22:25-66
32
33                <category android:name="android.intent.category.LAUNCHER" />
33-->src\main\AndroidManifest.xml:24:17-77
33-->src\main\AndroidManifest.xml:24:27-74
34            </intent-filter>
35        </activity>
36
37        <meta-data
37-->src\main\AndroidManifest.xml:28:9-30:59
38            android:name="com.parse.SERVER_URL"
38-->src\main\AndroidManifest.xml:29:13-48
39            android:value="@string/back4app_server_url" />
39-->src\main\AndroidManifest.xml:30:13-56
40        <meta-data
40-->src\main\AndroidManifest.xml:31:9-33:55
41            android:name="com.parse.APPLICATION_ID"
41-->src\main\AndroidManifest.xml:32:13-52
42            android:value="@string/back4app_app_id" />
42-->src\main\AndroidManifest.xml:33:13-52
43        <meta-data
43-->src\main\AndroidManifest.xml:34:9-36:59
44            android:name="com.parse.CLIENT_KEY"
44-->src\main\AndroidManifest.xml:35:13-48
45            android:value="@string/back4app_client_key" />
45-->src\main\AndroidManifest.xml:36:13-56
46    </application>
47
48</manifest>